Loose2D: 0.660016
Loose2D: 0.71152
found highest transverse momentum HF electron: 17.308 and GSF electron: 26.9173  
test cosh of Pi/3:1.59962
predicted energy of HF electron: 190.887
RECO p of HF electron: 190.887
------------------------------------
Loose2D: 0.761858
Loose2D: 0.871126
HFLOOSE is true  found highest transverse momentum HF electron: 18.7969 and GSF electron: 22.426  
test cosh of Pi/3:1.59962
predicted energy of HF electron: 240.059
RECO p of HF electron: 240.059
------------------------------------
Loose2D: 0.802855
Loose2D: 0.798217
Loose2D: 0.937131
HFLOOSE is true  Loose2D: 0.803508
Loose2D: 0.780943
Loose2D: 0.635735
Loose2D: 0.75469
Loose2D: 0.930922
HFLOOSE is true  Loose2D: 0.520008
Loose2D: 0.706099
Loose2D: 0.651625
Loose2D: 0.58458
Loose2D: 0.74337
Loose2D: 0.731136
Loose2D: 0.737997
Loose2D: 0.780786
Loose2D: 0.693436
Loose2D: 0.480989
Loose2D: 0.633285
Loose2D: 0.806728
Loose2D: 0.766672
Loose2D: 0.683551
Loose2D: 0.686553
Loose2D: 0.794032
Loose2D: 0.627992
Loose2D: 0.824477
HFLOOSE is true  Loose2D: 0.805155
Loose2D: 0.64969
Loose2D: 0.815441
HFLOOSE is true  Loose2D: 0.706583
Loose2D: 0.669651
Loose2D: 0.746233
Loose2D: 0.892802
HFLOOSE is true  Loose2D: 0.742648
Loose2D: 0.627866
Loose2D: 0.776788
Loose2D: 0.810315
Loose2D: 0.599767
Loose2D: 0.969233
HFLOOSE is true  Loose2D: 0.629603
Loose2D: 0.59709
Loose2D: 0.69927
Loose2D: 0.821129
HFLOOSE is true  Loose2D: 0.622799
found highest transverse momentum HF electron: 17.0972 and GSF electron: 49.991  
test cosh of Pi/3:1.59962
predicted energy of HF electron: 211.188
RECO p of HF electron: 211.188
------------------------------------
Loose2D: 0.701136
Loose2D: 0.728862
Loose2D: 0.768005
Loose2D: 0.69098
found highest transverse momentum HF electron: 18.3022 and GSF electron: 25.0274  
test cosh of Pi/3:1.59962
predicted energy of HF electron: 500.35
RECO p of HF electron: 500.349
------------------------------------
Loose2D: 0.839643
HFLOOSE is true  Loose2D: 0.69869
found highest transverse momentum HF electron: 19.2485 and GSF electron: 30.5609  
test cosh of Pi/3:1.59962
predicted energy of HF electron: 520.163
RECO p of HF electron: 520.163
------------------------------------
Loose2D: 0.584371
Loose2D: 0.856825
HFLOOSE is true  Loose2D: 0.795558
Loose2D: 0.705855
Loose2D: 0.848654
HFLOOSE is true  Loose2D: 0.825345
HFLOOSE is true  found highest transverse momentum HF electron: 17.0518 and GSF electron: 21.753  
test cosh of Pi/3:1.59962
predicted energy of HF electron: 258.043
RECO p of HF electron: 258.043
------------------------------------
Loose2D: 0.748504
Loose2D: 0.694018
found highest transverse momentum HF electron: 17.4039 and GSF electron: 24.9038  
test cosh of Pi/3:1.59962
predicted energy of HF electron: 636.174
RECO p of HF electron: 636.174
------------------------------------
Loose2D: 0.835267
HFLOOSE is true  Loose2D: 0.79613
Loose2D: 0.648526
Loose2D: 0.54735
Loose2D: 0.748532
Loose2D: 0.725584
found highest transverse momentum HF electron: 16.9525 and GSF electron: 35.2309  
test cosh of Pi/3:1.59962
predicted energy of HF electron: 482.4
RECO p of HF electron: 482.4
------------------------------------
Loose2D: 0.635475
found highest transverse momentum HF electron: 18.611 and GSF electron: 40.8157  
test cosh of Pi/3:1.59962
predicted energy of HF electron: 211.691
RECO p of HF electron: 211.691
------------------------------------
Loose2D: 0.830251
HFLOOSE is true  Loose2D: 0.76214
Loose2D: 0.555207
Loose2D: 0.666313
Loose2D: 0.78368
Loose2D: 0.945805
HFLOOSE is true  Loose2D: 0.684717
Loose2D: 0.690534
Loose2D: 0.629926
Loose2D: 0.877365
HFLOOSE is true  Loose2D: 0.89254
HFLOOSE is true  Loose2D: 0.749621
Loose2D: 0.818869
HFLOOSE is true  Loose2D: 0.643695
Loose2D: 0.709962
Loose2D: 0.764628
Loose2D: 0.695318
Loose2D: 0.8758
HFLOOSE is true  Loose2D: 0.633997
Loose2D: 0.586184
Loose2D: 0.808317
Loose2D: 0.601075
Loose2D: 0.810879
Loose2D: 0.765694
Loose2D: 0.716172
Loose2D: 0.766234
Loose2D: 0.892191
HFLOOSE is true  found highest transverse momentum HF electron: 11.9982 and GSF electron: 51.233  
test cosh of Pi/3:1.59962
predicted energy of HF electron: 195.022
RECO p of HF electron: 195.022
------------------------------------
Loose2D: 0.60747
found highest transverse momentum HF electron: 19.9439 and GSF electron: 30.0643  
test cosh of Pi/3:1.59962
predicted energy of HF electron: 325.904
RECO p of HF electron: 325.904
------------------------------------
Loose2D: 0.875162
HFLOOSE is true  Loose2D: 0.725527
Loose2D: 0.89095
HFLOOSE is true  Loose2D: 0.776821
Loose2D: 0.686051
Loose2D: 0.545157
Loose2D: 0.645424
Loose2D: 0.806212
Loose2D: 0.518271
Loose2D: 0.614431
Loose2D: 0.694445
Loose2D: 0.643072
Loose2D: 0.753183
Loose2D: 0.749555
Loose2D: 0.643541
Loose2D: 0.717657
found highest transverse momentum HF electron: 18.3154 and GSF electron: 39.2907  
test cosh of Pi/3:1.59962
predicted energy of HF electron: 555.893
RECO p of HF electron: 555.893
------------------------------------
Loose2D: 0.735856
Loose2D: 0.877214
HFLOOSE is true  Loose2D: 0.680386
Loose2D: 0.671791
Loose2D: 0.506294
Loose2D: 0.903057
HFLOOSE is true  Loose2D: 0.683277
Loose2D: 0.819003
HFLOOSE is true  Loose2D: 0.602747
Loose2D: 0.856698
HFLOOSE is true  found highest transverse momentum HF electron: 12.7004 and GSF electron: 20.9935  
test cosh of Pi/3:1.59962
predicted energy of HF electron: 185.807
RECO p of HF electron: 185.807
------------------------------------
Loose2D: 0.708027
Loose2D: 0.824127
HFLOOSE is true  Loose2D: 0.828569
HFLOOSE is true  Loose2D: 0.685312
Loose2D: 0.693772
Loose2D: 0.78291
Loose2D: 0.661538
Loose2D: 0.803543
Loose2D: 0.851962
HFLOOSE is true  Loose2D: 0.79667
Loose2D: 0.705782
Loose2D: 0.828302
HFLOOSE is true  Loose2D: 0.736111
Loose2D: 0.889486
HFLOOSE is true  Loose2D: 0.827694
HFLOOSE is true  found highest transverse momentum HF electron: 16.9166 and GSF electron: 31.3068  
test cosh of Pi/3:1.59962
predicted energy of HF electron: 195.189
RECO p of HF electron: 195.189
------------------------------------
Loose2D: 0.652986
Loose2D: 0.570703
Loose2D: 0.695011
Loose2D: 0.684629
Loose2D: 0.744557
Loose2D: 0.756702
Loose2D: 0.823901
HFLOOSE is true  Loose2D: 0.670179
Loose2D: 0.761481
Loose2D: 0.703732
Loose2D: 0.790895
Loose2D: 0.682895
Loose2D: 0.849492
HFLOOSE is true  Loose2D: 0.691367
Loose2D: 0.81677
HFLOOSE is true  Loose2D: 0.788457
Loose2D: 0.654906
Loose2D: 0.703329
Loose2D: 0.720287
Loose2D: 0.776614
Loose2D: 0.745285
Loose2D: 0.527126
Loose2D: 0.800146
Loose2D: 0.678554
Loose2D: 0.625623
found highest transverse momentum HF electron: 15.3873 and GSF electron: 26.7689  
test cosh of Pi/3:1.59962
predicted energy of HF electron: 185.949
RECO p of HF electron: 185.949
------------------------------------
