Loose2D: 0.660016
Loose2D: 0.71152
found highest transverse momentum HF electron: 17.308 and GSF electron: 26.9173  
test cosh of Pi/3:1.59962
predicted energy of HF electron: 190.887
RECO p of HF electron: 190.887
------------------------------------
Loose2D: 0.761858
Loose2D: 0.871126
HFLOOSE is true  found highest transverse momentum HF electron: 18.7969 and GSF electron: 22.426  
test cosh of Pi/3:1.59962
predicted energy of HF electron: 240.059
RECO p of HF electron: 240.059
------------------------------------
Loose2D: 0.802855
Loose2D: 0.798217
Loose2D: 0.937131
HFLOOSE is true  Loose2D: 0.803508
Loose2D: 0.780943
Loose2D: 0.635735
Loose2D: 0.75469
Loose2D: 0.930922
HFLOOSE is true  Loose2D: 0.520008
Loose2D: 0.706099
Loose2D: 0.651625
Loose2D: 0.58458
Loose2D: 0.74337
Loose2D: 0.731136
Loose2D: 0.737997
Loose2D: 0.780786
Loose2D: 0.693436
Loose2D: 0.480989
Loose2D: 0.633285
Loose2D: 0.806728
Loose2D: 0.766672
Loose2D: 0.683551
